#
# There is insufficient memory for the Java Runtime Environment to continue.
# Native memory allocation (mmap) failed to map 67108864 bytes for Failed to commit area from 0x00000000c1800000 to 0x00000000c5800000 of length 67108864.
# Possible reasons:
#   The system is out of physical RAM or swap space
#   The process is running with CompressedOops enabled, and the Java Heap may be blocking the growth of the native heap
# Possible solutions:
#   Reduce memory load on the system
#   Increase physical memory or swap space
#   Check if swap backing store is full
#   Decrease Java heap size (-Xmx/-Xms)
#   Decrease number of Java threads
#   Decrease Java thread stack sizes (-Xss)
#   Set larger code cache with -XX:ReservedCodeCacheSize=
# This output file may be truncated or incomplete.
#
#  Out of Memory Error (./src/hotspot/os/windows/os_windows.cpp:3301), pid=10532, tid=16320
#
# JRE version:  (11.0.10+9) (build )
# Java VM: OpenJDK 64-Bit Server VM (11.0.10+9, mixed mode, sharing, tiered, compressed oops, g1 gc, windows-amd64)
# No core dump will be written. Minidumps are not enabled by default on client versions of Windows
#

---------------  S U M M A R Y ------------

Command Line: -Dfile.encoding=Cp1252 hust.soict.talentedprogram.gui.GUI

Host: Intel(R) Core(TM) i7-4510U CPU @ 2.00GHz, 4 cores, 3G,  Windows 10 , 64 bit Build 19041 (10.0.19041.928)
Time: Sun May  9 08:56:42 2021 SE Asia Standard Time elapsed time: 0.015375 seconds (0d 0h 0m 0s)

---------------  T H R E A D  ---------------

Current thread (0x00000204ecd9c000):  JavaThread "Unknown thread" [_thread_in_vm, id=16320, stack(0x0000002731c00000,0x0000002731d00000)]

Stack: [0x0000002731c00000,0x0000002731d00000]
Native frames: (J=compiled Java code, j=interpreted, Vv=VM code, C=native code)
V  [jvm.dll+0x5f35ea]
V  [jvm.dll+0x77c65e]
V  [jvm.dll+0x77dd2f]
V  [jvm.dll+0x77e3f3]
V  [jvm.dll+0x246c38]
V  [jvm.dll+0x5f079a]
V  [jvm.dll+0x5e53c5]
V  [jvm.dll+0x2fba4c]
V  [jvm.dll+0x2fb8d2]
V  [jvm.dll+0x300586]
V  [jvm.dll+0x344cff]
V  [jvm.dll+0x344730]
V  [jvm.dll+0x2d8cb8]
V  [jvm.dll+0x2d9e06]
V  [jvm.dll+0x757c77]
V  [jvm.dll+0x7593ff]
V  [jvm.dll+0x351a59]
V  [jvm.dll+0x73aea0]
V  [jvm.dll+0x3b929f]
V  [jvm.dll+0x3bb7a1]
C  [jli.dll+0x520b]
C  [ucrtbase.dll+0x21bb2]
C  [KERNEL32.DLL+0x17034]
C  [ntdll.dll+0x52651]


---------------  P R O C E S S  ---------------

Threads class SMR info:
_java_thread_list=0x00000204eab03970, length=0, elements={
}

Java Threads: ( => current thread )

Other Threads:
  0x00000204eabdd000 GCTaskThread "GC Thread#0" [stack: 0x0000002731d00000,0x0000002731e00000] [id=10116]
  0x00000204ecdce800 ConcurrentGCThread "G1 Main Marker" [stack: 0x0000002731e00000,0x0000002731f00000] [id=8060]
  0x00000204ecdd3800 ConcurrentGCThread "G1 Conc#0" [stack: 0x0000002731f00000,0x0000002732000000] [id=864]

[error occurred during error reporting (printing all threads), id 0xc0000005, EXCEPTION_ACCESS_VIOLATION (0xc0000005) at pc=0x00007ffd67028337]

VM state:not at safepoint (not fully initialized)

VM Mutex/Monitor currently owned by a thread:  ([mutex/lock_event])
[0x00000204ecd9a390] Heap_lock - owner thread: 0x00000204ecd9c000

Heap address: 0x00000000c1800000, size: 1000 MB, Compressed Oops mode: Non-zero based: 0x00000000c1800000
Narrow klass base: 0x0000000000000000, Narrow klass shift: 0

GC Heap History (0 events):
No events

Deoptimization events (0 events):
No events

Classes redefined (0 events):
No events

Internal exceptions (0 events):
No events

Events (1 events):
Event: 0.008 Loaded shared library C:\Users\James\AppData\Local\Programs\AdoptOpenJDK\jdk-11.0.10.9-hotspot\bin\zip.dll


Dynamic libraries:
0x00007ff649670000 - 0x00007ff64967d000 	C:\Users\James\AppData\Local\Programs\AdoptOpenJDK\jdk-11.0.10.9-hotspot\bin\javaw.exe
0x00007ffdb4fb0000 - 0x00007ffdb51a5000 	C:\WINDOWS\SYSTEM32\ntdll.dll
0x00007ffdb4c60000 - 0x00007ffdb4d1d000 	C:\WINDOWS\System32\KERNEL32.DLL
0x00007ffdb2950000 - 0x00007ffdb2c18000 	C:\WINDOWS\System32\KERNELBASE.dll
0x00007ffdb2d00000 - 0x00007ffdb2e00000 	C:\WINDOWS\System32\ucrtbase.dll
0x00007ffdae660000 - 0x00007ffdae677000 	C:\Users\James\AppData\Local\Programs\AdoptOpenJDK\jdk-11.0.10.9-hotspot\bin\jli.dll
0x00007ffdae680000 - 0x00007ffdae695000 	C:\Users\James\AppData\Local\Programs\AdoptOpenJDK\jdk-11.0.10.9-hotspot\bin\VCRUNTIME140.dll
0x00007ffdb4dd0000 - 0x00007ffdb4f70000 	C:\WINDOWS\System32\USER32.dll
0x00007ffdb26f0000 - 0x00007ffdb2712000 	C:\WINDOWS\System32\win32u.dll
0x00007ffda8f30000 - 0x00007ffda91ca000 	C:\WINDOWS\WinSxS\amd64_microsoft.windows.common-controls_6595b64144ccf1df_6.0.19041.844_none_ca00b6081b84eb1d\COMCTL32.dll
0x00007ffdb4a70000 - 0x00007ffdb4a9a000 	C:\WINDOWS\System32\GDI32.dll
0x00007ffdb4110000 - 0x00007ffdb41ae000 	C:\WINDOWS\System32\msvcrt.dll
0x00007ffdb2720000 - 0x00007ffdb282b000 	C:\WINDOWS\System32\gdi32full.dll
0x00007ffdb28b0000 - 0x00007ffdb294d000 	C:\WINDOWS\System32\msvcp_win.dll
0x00007ffdb30c0000 - 0x00007ffdb30f0000 	C:\WINDOWS\System32\IMM32.DLL
0x00007ffda76b0000 - 0x00007ffda774b000 	C:\Users\James\AppData\Local\Programs\AdoptOpenJDK\jdk-11.0.10.9-hotspot\bin\msvcp140.dll
0x00007ffd66d40000 - 0x00007ffd67883000 	C:\Users\James\AppData\Local\Programs\AdoptOpenJDK\jdk-11.0.10.9-hotspot\bin\server\jvm.dll
0x00007ffdb3830000 - 0x00007ffdb38dc000 	C:\WINDOWS\System32\ADVAPI32.dll
0x00007ffdb4340000 - 0x00007ffdb43db000 	C:\WINDOWS\System32\sechost.dll
0x00007ffdb4b30000 - 0x00007ffdb4c5b000 	C:\WINDOWS\System32\RPCRT4.dll
0x00007ffdb3110000 - 0x00007ffdb3118000 	C:\WINDOWS\System32\PSAPI.DLL
0x00007ffdad540000 - 0x00007ffdad549000 	C:\WINDOWS\SYSTEM32\WSOCK32.dll
0x00007ffdab5f0000 - 0x00007ffdab617000 	C:\WINDOWS\SYSTEM32\WINMM.dll
0x00007ffdb37b0000 - 0x00007ffdb381b000 	C:\WINDOWS\System32\WS2_32.dll
0x00007ffdad570000 - 0x00007ffdad57a000 	C:\WINDOWS\SYSTEM32\VERSION.dll
0x00007ffdb0630000 - 0x00007ffdb0642000 	C:\WINDOWS\SYSTEM32\kernel.appcore.dll
0x00007ffdaa950000 - 0x00007ffdaa960000 	C:\Users\James\AppData\Local\Programs\AdoptOpenJDK\jdk-11.0.10.9-hotspot\bin\verify.dll
0x00007ffda41f0000 - 0x00007ffda43d4000 	C:\WINDOWS\SYSTEM32\DBGHELP.DLL
0x00007ffda4c70000 - 0x00007ffda4c9c000 	C:\WINDOWS\SYSTEM32\dbgcore.DLL
0x00007ffdb2830000 - 0x00007ffdb28b0000 	C:\WINDOWS\System32\bcryptPrimitives.dll
0x00007ffd99770000 - 0x00007ffd99798000 	C:\Users\James\AppData\Local\Programs\AdoptOpenJDK\jdk-11.0.10.9-hotspot\bin\java.dll
0x00007ffdaa610000 - 0x00007ffdaa61a000 	C:\Users\James\AppData\Local\Programs\AdoptOpenJDK\jdk-11.0.10.9-hotspot\bin\jimage.dll
0x00007ffd99b20000 - 0x00007ffd99b37000 	C:\Users\James\AppData\Local\Programs\AdoptOpenJDK\jdk-11.0.10.9-hotspot\bin\zip.dll

dbghelp: loaded successfully - version: 4.0.5 - missing functions: none
symbol engine: initialized successfully - sym options: 0x614 - pdb path: .;C:\Users\James\AppData\Local\Programs\AdoptOpenJDK\jdk-11.0.10.9-hotspot\bin;C:\WINDOWS\SYSTEM32;C:\WINDOWS\WinSxS\amd64_microsoft.windows.common-controls_6595b64144ccf1df_6.0.19041.844_none_ca00b6081b84eb1d;C:\Users\James\AppData\Local\Programs\AdoptOpenJDK\jdk-11.0.10.9-hotspot\bin\server

VM Arguments:
jvm_args: -Dfile.encoding=Cp1252 
java_command: hust.soict.talentedprogram.gui.GUI
java_class_path (initial): E:\eclipse-workspace\JavaLab-main\JavaLab-main\AimsProject\bin
Launcher Type: SUN_STANDARD

[Global flags]
     intx CICompilerCount                          = 3                                         {product} {ergonomic}
     uint ConcGCThreads                            = 1                                         {product} {ergonomic}
     uint G1ConcRefinementThreads                  = 4                                         {product} {ergonomic}
   size_t G1HeapRegionSize                         = 1048576                                   {product} {ergonomic}
    uintx GCDrainStackTargetSize                   = 64                                        {product} {ergonomic}
   size_t InitialHeapSize                          = 67108864                                  {product} {ergonomic}
   size_t MarkStackSize                            = 4194304                                   {product} {ergonomic}
   size_t MaxHeapSize                              = 1048576000                                {product} {ergonomic}
   size_t MinHeapDeltaBytes                        = 1048576                                   {product} {ergonomic}
    uintx NonNMethodCodeHeapSize                   = 5830732                                {pd product} {ergonomic}
    uintx NonProfiledCodeHeapSize                  = 122913754                              {pd product} {ergonomic}
    uintx ProfiledCodeHeapSize                     = 122913754                              {pd product} {ergonomic}
    uintx ReservedCodeCacheSize                    = 251658240                              {pd product} {ergonomic}
     bool SegmentedCodeCache                       = true                                      {product} {ergonomic}
     bool UseCompressedClassPointers               = true                                 {lp64_product} {ergonomic}
     bool UseCompressedOops                        = true                                 {lp64_product} {ergonomic}
     bool UseG1GC                                  = true                                      {product} {ergonomic}
     bool UseLargePagesIndividualAllocation        = false                                  {pd product} {ergonomic}

Logging:
Log output configuration:
 #0: stdout all=warning uptime,level,tags
 #1: stderr all=off uptime,level,tags

Environment Variables:
JAVA_HOME=C:\Users\James\AppData\Local\Programs\AdoptOpenJDK\jdk-11.0.10.9-hotspot\
PATH=C:/Users/James/AppData/Local/Programs/AdoptOpenJDK/jdk-11.0.10.9-hotspot/bin/client;C:/Users/James/AppData/Local/Programs/AdoptOpenJDK/jdk-11.0.10.9-hotspot/bin;C:\Program Files (x86)\VMware\VMware Workstation\bin\;C:\ProgramData\Oracle\Java\javapath;C:\WINDOWS\system32;C:\WINDOWS;C:\WINDOWS\System32\Wbem;C:\WINDOWS\System32\WindowsPowerShell\v1.0\;C:\Program Files (x86)\NVIDIA Corporation\PhysX\Common;C:\WINDOWS\system32;C:\WINDOWS;C:\WINDOWS\System32\Wbem;C:\WINDOWS\System32\WindowsPowerShell\v1.0\;C:\WINDOWS\System32\OpenSSH\;C:\Program Files\Git LFS;C:\Program Files\Git\cmd;C:\Users\James\AppData\Local\Programs\AdoptOpenJDK\jdk-11.0.10.9-hotspot\bin;C:\Users\James\AppData\Local\Programs\Python\Python39\Scripts\;C:\Users\James\AppData\Local\Programs\Python\Python39\;C:\Users\James\AppData\Local\Microsoft\WindowsApps;C:\Program Files\JetBrains\PyCharm Community Edition 2020.1.3\bin;;C:\Users\James\AppData\Local\Programs\Microsoft VS Code\bin;C:\Program Files\Git\bin\;C:\Program Files\Git\cmd\;C:\Users\James\AppData\Local\GitHubDesktop\bin;C:\WINDOWS\system32;
USERNAME=James
OS=Windows_NT
PROCESSOR_IDENTIFIER=Intel64 Family 6 Model 69 Stepping 1, GenuineIntel



---------------  S Y S T E M  ---------------

OS: Windows 10 , 64 bit Build 19041 (10.0.19041.928)
OS uptime: 0 days 23:49 hours

CPU:total 4 (initial active 4) (2 cores per cpu, 2 threads per core) family 6 model 69 stepping 1 microcode 0x26, cmov, cx8, fxsr, mmx, sse, sse2, sse3, ssse3, sse4.1, sse4.2, popcnt, avx, avx2, aes, clmul, erms, lzcnt, ht, tsc, tscinvbit, bmi1, bmi2, fma

Memory: 4k page, system-wide physical 3999M (287M free)
TotalPageFile size 16287M (AvailPageFile size 47M)
current process WorkingSet (physical memory assigned to process): 9M, peak: 9M
current process commit charge ("private bytes"): 51M, peak: 115M

vm_info: OpenJDK 64-Bit Server VM (11.0.10+9) for windows-amd64 JRE (11.0.10+9), built on Jan 20 2021 06:07:07 by "" with MS VC++ 15.9 (VS2017)

END.
